<?xml version="1.0" encoding="UTF-8"?>
<testsuite xmlns:xsi="http://www.w3.org/2001/XMLSchema-instance" xsi:noNamespaceSchemaLocation="https://maven.apache.org/surefire/maven-surefire-plugin/xsd/surefire-test-report.xsd" name="com.github.kyriosdata.exemplo.domain.NumeroUtilsTest" time="0" tests="11" errors="0" skipped="0" failures="0">
  <properties>
[...]
</properties>
  <testcase name="maiorQueDezenoveMenorQueCem" classname="com.github.kyriosdata.exemplo.domain.NumeroUtilsTest" time="0"/>
  <testcase name="valorNegativoGeraExcecao" classname="com.github.kyriosdata.exemplo.domain.NumeroUtilsTest" time="0"/>
  <testcase name="casosSuiGeneris" classname="com.github.kyriosdata.exemplo.domain.NumeroUtilsTest" time="0"/>
  <testcase name="variosBlocos" classname="com.github.kyriosdata.exemplo.domain.NumeroUtilsTest" time="0"/>
  <testcase name="totalDeDigitos" classname="com.github.kyriosdata.exemplo.domain.NumeroUtilsTest" time="0"/>
  <testcase name="totalDeGrupos" classname="com.github.kyriosdata.exemplo.domain.NumeroUtilsTest" time="0"/>
  <testcase name="recuperacaoCorretaDeGrupo" classname="com.github.kyriosdata.exemplo.domain.NumeroUtilsTest" time="0"/>
  <testcase name="cem" classname="com.github.kyriosdata.exemplo.domain.NumeroUtilsTest" time="0"/>
  <testcase name="zero" classname="com.github.kyriosdata.exemplo.domain.NumeroUtilsTest" time="0"/>
  <testcase name="maiorQueCemMenorQueMil" classname="com.github.kyriosdata.exemplo.domain.NumeroUtilsTest" time="0"/>
  <testcase name="multiplosDeMil" classname="com.github.kyriosdata.exemplo.domain.NumeroUtilsTest" time="0"/>
</testsuite>